John Doe

CDEF

B

AB
CD

A

Alibaba

A

I

Sirhan Sirhan

Tony Romo
Sean Lee
Jason Witten

B
C

L

The Hulk

Stephen Austin
James Bowie
Lorenzo DeZavala

James Harden

Chris Rock

Dez Bryant

The Hulk
Hawkeye

Stephen Austin

James Harden

Will Ferrel

Tony Romo
Dez Bryant

Captain America
Thor

Sam Houston
Stephen Austin
Juan Seguin
James Bowie

Dwight Howard

Mike Myers

Dez Bryant

Thor

Stephen Austin

Dwight Howard

Will Ferrel
Mike Myers

Sean Lee

The Hulk

Stephen Austin

Ty Lawson
Terrence Jones

Jason Sudeikis
Adam Sandler
Mike Myers

Dez Bryant
Jason Witten

Thor

Stephen Austin

Trevor Ariza

Jason Sudeikis

Tony Romo

Hawkeye

James Bowie

Ty Lawson

Sean Lee

The Hulk
Hawkeye

Stephen Austin

Dwight Howard

Will Ferrel

Tony Romo

Hawkeye

James Bowie

Ty Lawson

Chris Rock


A
B
C
